# JRE version: OpenJDK Runtime Environment (8.0_152-b01) (build 1.8.0_152-release-1248-b01)
# Java VM: OpenJDK 64-Bit Server VM (25.152-b01 mixed mode windows-amd64 compressed oops)
Heap:
 PSYoungGen      total 401408K, used 264313K [0x00000000e0000000, 0x00000000fb980000, 0x0000000100000000)
  eden space 355840K, 65% used [0x00000000e0000000,0x00000000ee374a08,0x00000000f5b80000)
  from space 45568K, 68% used [0x00000000f8c00000,0x00000000faaa9ce0,0x00000000fb880000)
  to   space 48128K, 0% used [0x00000000f5b80000,0x00000000f5b80000,0x00000000f8a80000)
 ParOldGen       total 133632K, used 93355K [0x00000000a0000000, 0x00000000a8280000, 0x00000000e0000000)
  object space 133632K, 69% used [0x00000000a0000000,0x00000000a5b2ae60,0x00000000a8280000)
 Metaspace       used 85321K, capacity 88983K, committed 89176K, reserved 1126400K
  class space    used 10827K, capacity 11579K, committed 11648K, reserved 1048576K
GC Heap History (10 events):
Event: 218.368 GC heap before
{Heap before GC invocations=17 (full 3):
 PSYoungGen      total 289280K, used 14843K [0x00000000e0000000, 0x00000000f3400000, 0x0000000100000000)
  eden space 274432K, 0% used [0x00000000e0000000,0x00000000e0000000,0x00000000f0c00000)
  from space 14848K, 99% used [0x00000000f1e80000,0x00000000f2cfedd0,0x00000000f2d00000)
  to   space 18944K, 0% used [0x00000000f0c00000,0x00000000f0c00000,0x00000000f1e80000)
 ParOldGen       total 87040K, used 25108K [0x00000000a0000000, 0x00000000a5500000, 0x00000000e0000000)
  object space 87040K, 28% used [0x00000000a0000000,0x00000000a18850e8,0x00000000a5500000)
 Metaspace       used 57597K, capacity 58744K, committed 59028K, reserved 1099776K
  class space    used 7554K, capacity 7844K, committed 7936K, reserved 1048576K
Event: 218.622 GC heap after
Heap after GC invocations=17 (full 3):
 PSYoungGen      total 289280K, used 0K [0x00000000e0000000, 0x00000000f3400000, 0x0000000100000000)
  eden space 274432K, 0% used [0x00000000e0000000,0x00000000e0000000,0x00000000f0c00000)
  from space 14848K, 0% used [0x00000000f1e80000,0x00000000f1e80000,0x00000000f2d00000)
  to   space 18944K, 0% used [0x00000000f0c00000,0x00000000f0c00000,0x00000000f1e80000)
 ParOldGen       total 133632K, used 34472K [0x00000000a0000000, 0x00000000a8280000, 0x00000000e0000000)
  object space 133632K, 25% used [0x00000000a0000000,0x00000000a21aa358,0x00000000a8280000)
 Metaspace       used 57548K, capacity 58634K, committed 59028K, reserved 1099776K
  class space    used 7541K, capacity 7830K, committed 7936K, reserved 1048576K
}
Event: 224.499 GC heap before
{Heap before GC invocations=18 (full 3):
 PSYoungGen      total 289280K, used 274432K [0x00000000e0000000, 0x00000000f3400000, 0x0000000100000000)
  eden space 274432K, 100% used [0x00000000e0000000,0x00000000f0c00000,0x00000000f0c00000)
  from space 14848K, 0% used [0x00000000f1e80000,0x00000000f1e80000,0x00000000f2d00000)
  to   space 18944K, 0% used [0x00000000f0c00000,0x00000000f0c00000,0x00000000f1e80000)
 ParOldGen       total 133632K, used 34472K [0x00000000a0000000, 0x00000000a8280000, 0x00000000e0000000)
  object space 133632K, 25% used [0x00000000a0000000,0x00000000a21aa358,0x00000000a8280000)
 Metaspace       used 68909K, capacity 71698K, committed 71768K, reserved 1112064K
  class space    used 8962K, capacity 9584K, committed 9600K, reserved 1048576K
Event: 224.533 GC heap after
Heap after GC invocations=18 (full 3):
 PSYoungGen      total 293376K, used 18918K [0x00000000e0000000, 0x00000000f7a80000, 0x0000000100000000)
  eden space 274432K, 0% used [0x00000000e0000000,0x00000000e0000000,0x00000000f0c00000)
  from space 18944K, 99% used [0x00000000f0c00000,0x00000000f1e79b20,0x00000000f1e80000)
  to   space 25600K, 0% used [0x00000000f6180000,0x00000000f6180000,0x00000000f7a80000)
 ParOldGen       total 133632K, used 45213K [0x00000000a0000000, 0x00000000a8280000, 0x00000000e0000000)
  object space 133632K, 33% used [0x00000000a0000000,0x00000000a2c277f8,0x00000000a8280000)
 Metaspace       used 68909K, capacity 71698K, committed 71768K, reserved 1112064K
  class space    used 8962K, capacity 9584K, committed 9600K, reserved 1048576K
}
Event: 572.693 GC heap before
{Heap before GC invocations=19 (full 3):
 PSYoungGen      total 293376K, used 293350K [0x00000000e0000000, 0x00000000f7a80000, 0x0000000100000000)
  eden space 274432K, 100% used [0x00000000e0000000,0x00000000f0c00000,0x00000000f0c00000)
  from space 18944K, 99% used [0x00000000f0c00000,0x00000000f1e79b20,0x00000000f1e80000)
  to   space 25600K, 0% used [0x00000000f6180000,0x00000000f6180000,0x00000000f7a80000)
 ParOldGen       total 133632K, used 45213K [0x00000000a0000000, 0x00000000a8280000, 0x00000000e0000000)
  object space 133632K, 33% used [0x00000000a0000000,0x00000000a2c277f8,0x00000000a8280000)
 Metaspace       used 71490K, capacity 74728K, committed 74968K, reserved 1114112K
  class space    used 9227K, capacity 9903K, committed 9984K, reserved 1048576K
Event: 572.734 GC heap after
Heap after GC invocations=19 (full 3):
 PSYoungGen      total 351744K, used 25569K [0x00000000e0000000, 0x00000000f7c80000, 0x0000000100000000)
  eden space 326144K, 0% used [0x00000000e0000000,0x00000000e0000000,0x00000000f3e80000)
  from space 25600K, 99% used [0x00000000f6180000,0x00000000f7a785a0,0x00000000f7a80000)
  to   space 31744K, 0% used [0x00000000f3e80000,0x00000000f3e80000,0x00000000f5d80000)
 ParOldGen       total 133632K, used 51187K [0x00000000a0000000, 0x00000000a8280000, 0x00000000e0000000)
  object space 133632K, 38% used [0x00000000a0000000,0x00000000a31fcc00,0x00000000a8280000)
 Metaspace       used 71490K, capacity 74728K, committed 74968K, reserved 1114112K
  class space    used 9227K, capacity 9903K, committed 9984K, reserved 1048576K
}
Event: 696.014 GC heap before
{Heap before GC invocations=20 (full 3):
 PSYoungGen      total 351744K, used 351713K [0x00000000e0000000, 0x00000000f7c80000, 0x0000000100000000)
  eden space 326144K, 100% used [0x00000000e0000000,0x00000000f3e80000,0x00000000f3e80000)
  from space 25600K, 99% used [0x00000000f6180000,0x00000000f7a785a0,0x00000000f7a80000)
  to   space 31744K, 0% used [0x00000000f3e80000,0x00000000f3e80000,0x00000000f5d80000)
 ParOldGen       total 133632K, used 51187K [0x00000000a0000000, 0x00000000a8280000, 0x00000000e0000000)
  object space 133632K, 38% used [0x00000000a0000000,0x00000000a31fcc00,0x00000000a8280000)
 Metaspace       used 82509K, capacity 85764K, committed 85848K, reserved 1124352K
  class space    used 10661K, capacity 11385K, committed 11392K, reserved 1048576K
Event: 696.089 GC heap after
Heap after GC invocations=20 (full 3):
 PSYoungGen      total 357888K, used 31712K [0x00000000e0000000, 0x00000000fb880000, 0x0000000100000000)
  eden space 326144K, 0% used [0x00000000e0000000,0x00000000e0000000,0x00000000f3e80000)
  from space 31744K, 99% used [0x00000000f3e80000,0x00000000f5d783b0,0x00000000f5d80000)
  to   space 45568K, 0% used [0x00000000f8c00000,0x00000000f8c00000,0x00000000fb880000)
 ParOldGen       total 133632K, used 75436K [0x00000000a0000000, 0x00000000a8280000, 0x00000000e0000000)
  object space 133632K, 56% used [0x00000000a0000000,0x00000000a49ab358,0x00000000a8280000)
 Metaspace       used 82509K, capacity 85764K, committed 85848K, reserved 1124352K
  class space    used 10661K, capacity 11385K, committed 11392K, reserved 1048576K
}
Event: 737.122 GC heap before
{Heap before GC invocations=21 (full 3):
 PSYoungGen      total 357888K, used 357856K [0x00000000e0000000, 0x00000000fb880000, 0x0000000100000000)
  eden space 326144K, 100% used [0x00000000e0000000,0x00000000f3e80000,0x00000000f3e80000)
  from space 31744K, 99% used [0x00000000f3e80000,0x00000000f5d783b0,0x00000000f5d80000)
  to   space 45568K, 0% used [0x00000000f8c00000,0x00000000f8c00000,0x00000000fb880000)
 ParOldGen       total 133632K, used 75436K [0x00000000a0000000, 0x00000000a8280000, 0x00000000e0000000)
  object space 133632K, 56% used [0x00000000a0000000,0x00000000a49ab358,0x00000000a8280000)
 Metaspace       used 85134K, capacity 88779K, committed 88920K, reserved 1126400K
  class space    used 10820K, capacity 11567K, committed 11648K, reserved 1048576K
Event: 737.202 GC heap after
Heap after GC invocations=21 (full 3):
 PSYoungGen      total 401408K, used 31399K [0x00000000e0000000, 0x00000000fb980000, 0x0000000100000000)
  eden space 355840K, 0% used [0x00000000e0000000,0x00000000e0000000,0x00000000f5b80000)
  from space 45568K, 68% used [0x00000000f8c00000,0x00000000faaa9ce0,0x00000000fb880000)
  to   space 48128K, 0% used [0x00000000f5b80000,0x00000000f5b80000,0x00000000f8a80000)
 ParOldGen       total 133632K, used 93355K [0x00000000a0000000, 0x00000000a8280000, 0x00000000e0000000)
  object space 133632K, 69% used [0x00000000a0000000,0x00000000a5b2ae60,0x00000000a8280000)
 Metaspace       used 85134K, capacity 88779K, committed 88920K, reserved 1126400K
  class space    used 10820K, capacity 11567K, committed 11648K, reserved 1048576K
}

