# JRE version: OpenJDK Runtime Environment (8.0_152-b01) (build 1.8.0_152-release-1248-b01)
# Java VM: OpenJDK 64-Bit Server VM (25.152-b01 mixed mode windows-amd64 compressed oops)
Heap:
 PSYoungGen      total 379904K, used 313068K [0x00000000e0000000, 0x00000000ffa80000, 0x0000000100000000)
  eden space 336896K, 92% used [0x00000000e0000000,0x00000000f31bb120,0x00000000f4900000)
  from space 43008K, 0% used [0x00000000f4900000,0x00000000f4900000,0x00000000f7300000)
  to   space 41472K, 0% used [0x00000000fd200000,0x00000000fd200000,0x00000000ffa80000)
 ParOldGen       total 251904K, used 105512K [0x00000000a0000000, 0x00000000af600000, 0x00000000e0000000)
  object space 251904K, 41% used [0x00000000a0000000,0x00000000a670a370,0x00000000af600000)
 Metaspace       used 90386K, capacity 95374K, committed 95488K, reserved 1132544K
  class space    used 11669K, capacity 12747K, committed 12800K, reserved 1048576K
GC Heap History (10 events):
Event: 73.246 GC heap before
{Heap before GC invocations=19 (full 3):
 PSYoungGen      total 285696K, used 281898K [0x00000000e0000000, 0x00000000f6f80000, 0x0000000100000000)
  eden space 249856K, 100% used [0x00000000e0000000,0x00000000ef400000,0x00000000ef400000)
  from space 35840K, 89% used [0x00000000ef400000,0x00000000f134a918,0x00000000f1700000)
  to   space 39936K, 0% used [0x00000000f4880000,0x00000000f4880000,0x00000000f6f80000)
 ParOldGen       total 150016K, used 82111K [0x00000000a0000000, 0x00000000a9280000, 0x00000000e0000000)
  object space 150016K, 54% used [0x00000000a0000000,0x00000000a502fc80,0x00000000a9280000)
 Metaspace       used 78702K, capacity 82820K, committed 82944K, reserved 1120256K
  class space    used 10313K, capacity 11240K, committed 11264K, reserved 1048576K
Event: 73.294 GC heap after
Heap after GC invocations=19 (full 3):
 PSYoungGen      total 328704K, used 39915K [0x00000000e0000000, 0x00000000f7880000, 0x0000000100000000)
  eden space 288768K, 0% used [0x00000000e0000000,0x00000000e0000000,0x00000000f1a00000)
  from space 39936K, 99% used [0x00000000f4880000,0x00000000f6f7ac90,0x00000000f6f80000)
  to   space 47616K, 0% used [0x00000000f1a00000,0x00000000f1a00000,0x00000000f4880000)
 ParOldGen       total 150016K, used 85415K [0x00000000a0000000, 0x00000000a9280000, 0x00000000e0000000)
  object space 150016K, 56% used [0x00000000a0000000,0x00000000a5369ea8,0x00000000a9280000)
 Metaspace       used 78702K, capacity 82820K, committed 82944K, reserved 1120256K
  class space    used 10313K, capacity 11240K, committed 11264K, reserved 1048576K
}
Event: 75.496 GC heap before
{Heap before GC invocations=20 (full 3):
 PSYoungGen      total 328704K, used 328007K [0x00000000e0000000, 0x00000000f7880000, 0x0000000100000000)
  eden space 288768K, 99% used [0x00000000e0000000,0x00000000f19572d8,0x00000000f1a00000)
  from space 39936K, 99% used [0x00000000f4880000,0x00000000f6f7ac90,0x00000000f6f80000)
  to   space 47616K, 0% used [0x00000000f1a00000,0x00000000f1a00000,0x00000000f4880000)
 ParOldGen       total 150016K, used 85415K [0x00000000a0000000, 0x00000000a9280000, 0x00000000e0000000)
  object space 150016K, 56% used [0x00000000a0000000,0x00000000a5369ea8,0x00000000a9280000)
 Metaspace       used 80022K, capacity 84302K, committed 84480K, reserved 1122304K
  class space    used 10491K, capacity 11459K, committed 11520K, reserved 1048576K
Event: 75.593 GC heap after
Heap after GC invocations=20 (full 3):
 PSYoungGen      total 336384K, used 21051K [0x00000000e0000000, 0x00000000f9f80000, 0x0000000100000000)
  eden space 288768K, 0% used [0x00000000e0000000,0x00000000e0000000,0x00000000f1a00000)
  from space 47616K, 44% used [0x00000000f1a00000,0x00000000f2e8ee60,0x00000000f4880000)
  to   space 45568K, 0% used [0x00000000f7300000,0x00000000f7300000,0x00000000f9f80000)
 ParOldGen       total 150016K, used 112699K [0x00000000a0000000, 0x00000000a9280000, 0x00000000e0000000)
  object space 150016K, 75% used [0x00000000a0000000,0x00000000a6e0ede8,0x00000000a9280000)
 Metaspace       used 80022K, capacity 84302K, committed 84480K, reserved 1122304K
  class space    used 10491K, capacity 11459K, committed 11520K, reserved 1048576K
}
Event: 75.644 GC heap before
{Heap before GC invocations=21 (full 3):
 PSYoungGen      total 336384K, used 309103K [0x00000000e0000000, 0x00000000f9f80000, 0x0000000100000000)
  eden space 288768K, 99% used [0x00000000e0000000,0x00000000f194ce18,0x00000000f1a00000)
  from space 47616K, 44% used [0x00000000f1a00000,0x00000000f2e8ee60,0x00000000f4880000)
  to   space 45568K, 0% used [0x00000000f7300000,0x00000000f7300000,0x00000000f9f80000)
 ParOldGen       total 150016K, used 112699K [0x00000000a0000000, 0x00000000a9280000, 0x00000000e0000000)
  object space 150016K, 75% used [0x00000000a0000000,0x00000000a6e0ede8,0x00000000a9280000)
 Metaspace       used 80030K, capacity 84302K, committed 84480K, reserved 1122304K
  class space    used 10491K, capacity 11459K, committed 11520K, reserved 1048576K
Event: 75.683 GC heap after
Heap after GC invocations=21 (full 3):
 PSYoungGen      total 382464K, used 18368K [0x00000000e0000000, 0x00000000fca00000, 0x0000000100000000)
  eden space 336896K, 0% used [0x00000000e0000000,0x00000000e0000000,0x00000000f4900000)
  from space 45568K, 40% used [0x00000000f7300000,0x00000000f84f0118,0x00000000f9f80000)
  to   space 43008K, 0% used [0x00000000f4900000,0x00000000f4900000,0x00000000f7300000)
 ParOldGen       total 150016K, used 112707K [0x00000000a0000000, 0x00000000a9280000, 0x00000000e0000000)
  object space 150016K, 75% used [0x00000000a0000000,0x00000000a6e10de8,0x00000000a9280000)
 Metaspace       used 80030K, capacity 84302K, committed 84480K, reserved 1122304K
  class space    used 10491K, capacity 11459K, committed 11520K, reserved 1048576K
}
Event: 93.838 GC heap before
{Heap before GC invocations=22 (full 3):
 PSYoungGen      total 382464K, used 355264K [0x00000000e0000000, 0x00000000fca00000, 0x0000000100000000)
  eden space 336896K, 100% used [0x00000000e0000000,0x00000000f4900000,0x00000000f4900000)
  from space 45568K, 40% used [0x00000000f7300000,0x00000000f84f0118,0x00000000f9f80000)
  to   space 43008K, 0% used [0x00000000f4900000,0x00000000f4900000,0x00000000f7300000)
 ParOldGen       total 150016K, used 112707K [0x00000000a0000000, 0x00000000a9280000, 0x00000000e0000000)
  object space 150016K, 75% used [0x00000000a0000000,0x00000000a6e10de8,0x00000000a9280000)
 Metaspace       used 82003K, capacity 86488K, committed 86784K, reserved 1124352K
  class space    used 10676K, capacity 11666K, committed 11776K, reserved 1048576K
Event: 93.877 GC heap after
Heap after GC invocations=22 (full 3):
 PSYoungGen      total 379904K, used 14439K [0x00000000e0000000, 0x00000000ffa80000, 0x0000000100000000)
  eden space 336896K, 0% used [0x00000000e0000000,0x00000000e0000000,0x00000000f4900000)
  from space 43008K, 33% used [0x00000000f4900000,0x00000000f5719c48,0x00000000f7300000)
  to   space 41472K, 0% used [0x00000000fd200000,0x00000000fd200000,0x00000000ffa80000)
 ParOldGen       total 150016K, used 127329K [0x00000000a0000000, 0x00000000a9280000, 0x00000000e0000000)
  object space 150016K, 84% used [0x00000000a0000000,0x00000000a7c58460,0x00000000a9280000)
 Metaspace       used 82003K, capacity 86488K, committed 86784K, reserved 1124352K
  class space    used 10676K, capacity 11666K, committed 11776K, reserved 1048576K
}
Event: 93.877 GC heap before
{Heap before GC invocations=23 (full 4):
 PSYoungGen      total 379904K, used 14439K [0x00000000e0000000, 0x00000000ffa80000, 0x0000000100000000)
  eden space 336896K, 0% used [0x00000000e0000000,0x00000000e0000000,0x00000000f4900000)
  from space 43008K, 33% used [0x00000000f4900000,0x00000000f5719c48,0x00000000f7300000)
  to   space 41472K, 0% used [0x00000000fd200000,0x00000000fd200000,0x00000000ffa80000)
 ParOldGen       total 150016K, used 127329K [0x00000000a0000000, 0x00000000a9280000, 0x00000000e0000000)
  object space 150016K, 84% used [0x00000000a0000000,0x00000000a7c58460,0x00000000a9280000)
 Metaspace       used 82003K, capacity 86488K, committed 86784K, reserved 1124352K
  class space    used 10676K, capacity 11666K, committed 11776K, reserved 1048576K
Event: 94.578 GC heap after
Heap after GC invocations=23 (full 4):
 PSYoungGen      total 379904K, used 0K [0x00000000e0000000, 0x00000000ffa80000, 0x0000000100000000)
  eden space 336896K, 0% used [0x00000000e0000000,0x00000000e0000000,0x00000000f4900000)
  from space 43008K, 0% used [0x00000000f4900000,0x00000000f4900000,0x00000000f7300000)
  to   space 41472K, 0% used [0x00000000fd200000,0x00000000fd200000,0x00000000ffa80000)
 ParOldGen       total 251904K, used 105512K [0x00000000a0000000, 0x00000000af600000, 0x00000000e0000000)
  object space 251904K, 41% used [0x00000000a0000000,0x00000000a670a370,0x00000000af600000)
 Metaspace       used 82003K, capacity 86488K, committed 86784K, reserved 1124352K
  class space    used 10676K, capacity 11666K, committed 11776K, reserved 1048576K
}

