# JRE version: OpenJDK Runtime Environment (8.0_152-b01) (build 1.8.0_152-release-1248-b01)
# Java VM: OpenJDK 64-Bit Server VM (25.152-b01 mixed mode windows-amd64 compressed oops)
Heap:
 PSYoungGen      total 371712K, used 253165K [0x00000000e0000000, 0x00000000fa300000, 0x0000000100000000)
  eden space 323584K, 78% used [0x00000000e0000000,0x00000000ef73b738,0x00000000f3c00000)
  from space 48128K, 0% used [0x00000000f7400000,0x00000000f7400000,0x00000000fa300000)
  to   space 52736K, 0% used [0x00000000f3c00000,0x00000000f3c00000,0x00000000f6f80000)
 ParOldGen       total 121344K, used 86563K [0x00000000a0000000, 0x00000000a7680000, 0x00000000e0000000)
  object space 121344K, 71% used [0x00000000a0000000,0x00000000a5488ef8,0x00000000a7680000)
 Metaspace       used 102545K, capacity 107336K, committed 107648K, reserved 1142784K
  class space    used 12667K, capacity 13524K, committed 13696K, reserved 1048576K
GC Heap History (10 events):
Event: 266.423 GC heap before
{Heap before GC invocations=40 (full 3):
 PSYoungGen      total 331776K, used 295494K [0x00000000e0000000, 0x00000000f7e00000, 0x0000000100000000)
  eden space 280576K, 100% used [0x00000000e0000000,0x00000000f1200000,0x00000000f1200000)
  from space 51200K, 29% used [0x00000000f4c00000,0x00000000f5a91980,0x00000000f7e00000)
  to   space 55296K, 0% used [0x00000000f1200000,0x00000000f1200000,0x00000000f4800000)
 ParOldGen       total 121344K, used 95664K [0x00000000a0000000, 0x00000000a7680000, 0x00000000e0000000)
  object space 121344K, 78% used [0x00000000a0000000,0x00000000a5d6c120,0x00000000a7680000)
 Metaspace       used 92422K, capacity 96743K, committed 96896K, reserved 1134592K
  class space    used 11523K, capacity 12347K, committed 12416K, reserved 1048576K
Event: 266.445 GC heap after
Heap after GC invocations=40 (full 3):
 PSYoungGen      total 335872K, used 14852K [0x00000000e0000000, 0x00000000f7e00000, 0x0000000100000000)
  eden space 280576K, 0% used [0x00000000e0000000,0x00000000e0000000,0x00000000f1200000)
  from space 55296K, 26% used [0x00000000f1200000,0x00000000f20810c0,0x00000000f4800000)
  to   space 51200K, 0% used [0x00000000f4c00000,0x00000000f4c00000,0x00000000f7e00000)
 ParOldGen       total 121344K, used 98378K [0x00000000a0000000, 0x00000000a7680000, 0x00000000e0000000)
  object space 121344K, 81% used [0x00000000a0000000,0x00000000a6012b70,0x00000000a7680000)
 Metaspace       used 92422K, capacity 96743K, committed 96896K, reserved 1134592K
  class space    used 11523K, capacity 12347K, committed 12416K, reserved 1048576K
}
Event: 266.772 GC heap before
{Heap before GC invocations=41 (full 3):
 PSYoungGen      total 335872K, used 294898K [0x00000000e0000000, 0x00000000f7e00000, 0x0000000100000000)
  eden space 280576K, 99% used [0x00000000e0000000,0x00000000f117ba18,0x00000000f1200000)
  from space 55296K, 26% used [0x00000000f1200000,0x00000000f20810c0,0x00000000f4800000)
  to   space 51200K, 0% used [0x00000000f4c00000,0x00000000f4c00000,0x00000000f7e00000)
 ParOldGen       total 121344K, used 98378K [0x00000000a0000000, 0x00000000a7680000, 0x00000000e0000000)
  object space 121344K, 81% used [0x00000000a0000000,0x00000000a6012b70,0x00000000a7680000)
 Metaspace       used 92434K, capacity 96807K, committed 96896K, reserved 1134592K
  class space    used 11523K, capacity 12347K, committed 12416K, reserved 1048576K
Event: 266.788 GC heap after
Heap after GC invocations=41 (full 3):
 PSYoungGen      total 336896K, used 6899K [0x00000000e0000000, 0x00000000fa900000, 0x0000000100000000)
  eden space 285696K, 0% used [0x00000000e0000000,0x00000000e0000000,0x00000000f1700000)
  from space 51200K, 13% used [0x00000000f4c00000,0x00000000f52bcf30,0x00000000f7e00000)
  to   space 54272K, 0% used [0x00000000f1700000,0x00000000f1700000,0x00000000f4c00000)
 ParOldGen       total 121344K, used 100338K [0x00000000a0000000, 0x00000000a7680000, 0x00000000e0000000)
  object space 121344K, 82% used [0x00000000a0000000,0x00000000a61fc858,0x00000000a7680000)
 Metaspace       used 92434K, capacity 96807K, committed 96896K, reserved 1134592K
  class space    used 11523K, capacity 12347K, committed 12416K, reserved 1048576K
}
Event: 277.449 GC heap before
{Heap before GC invocations=42 (full 3):
 PSYoungGen      total 336896K, used 292595K [0x00000000e0000000, 0x00000000fa900000, 0x0000000100000000)
  eden space 285696K, 100% used [0x00000000e0000000,0x00000000f1700000,0x00000000f1700000)
  from space 51200K, 13% used [0x00000000f4c00000,0x00000000f52bcf30,0x00000000f7e00000)
  to   space 54272K, 0% used [0x00000000f1700000,0x00000000f1700000,0x00000000f4c00000)
 ParOldGen       total 121344K, used 100338K [0x00000000a0000000, 0x00000000a7680000, 0x00000000e0000000)
  object space 121344K, 82% used [0x00000000a0000000,0x00000000a61fc858,0x00000000a7680000)
 Metaspace       used 93937K, capacity 98407K, committed 98560K, reserved 1134592K
  class space    used 11664K, capacity 12539K, committed 12544K, reserved 1048576K
Event: 277.463 GC heap after
Heap after GC invocations=42 (full 3):
 PSYoungGen      total 339968K, used 9767K [0x00000000e0000000, 0x00000000fa800000, 0x0000000100000000)
  eden space 285696K, 0% used [0x00000000e0000000,0x00000000e0000000,0x00000000f1700000)
  from space 54272K, 17% used [0x00000000f1700000,0x00000000f2089db8,0x00000000f4c00000)
  to   space 53248K, 0% used [0x00000000f7400000,0x00000000f7400000,0x00000000fa800000)
 ParOldGen       total 121344K, used 102356K [0x00000000a0000000, 0x00000000a7680000, 0x00000000e0000000)
  object space 121344K, 84% used [0x00000000a0000000,0x00000000a63f52a8,0x00000000a7680000)
 Metaspace       used 93937K, capacity 98407K, committed 98560K, reserved 1134592K
  class space    used 11664K, capacity 12539K, committed 12544K, reserved 1048576K
}
Event: 279.221 GC heap before
{Heap before GC invocations=43 (full 3):
 PSYoungGen      total 339968K, used 88402K [0x00000000e0000000, 0x00000000fa800000, 0x0000000100000000)
  eden space 285696K, 27% used [0x00000000e0000000,0x00000000e4ccab08,0x00000000f1700000)
  from space 54272K, 17% used [0x00000000f1700000,0x00000000f2089db8,0x00000000f4c00000)
  to   space 53248K, 0% used [0x00000000f7400000,0x00000000f7400000,0x00000000fa800000)
 ParOldGen       total 121344K, used 102356K [0x00000000a0000000, 0x00000000a7680000, 0x00000000e0000000)
  object space 121344K, 84% used [0x00000000a0000000,0x00000000a63f52a8,0x00000000a7680000)
 Metaspace       used 94027K, capacity 98494K, committed 98560K, reserved 1134592K
  class space    used 11682K, capacity 12544K, committed 12544K, reserved 1048576K
Event: 279.230 GC heap after
Heap after GC invocations=43 (full 3):
 PSYoungGen      total 371712K, used 3440K [0x00000000e0000000, 0x00000000fa300000, 0x0000000100000000)
  eden space 323584K, 0% used [0x00000000e0000000,0x00000000e0000000,0x00000000f3c00000)
  from space 48128K, 7% used [0x00000000f7400000,0x00000000f775c0c8,0x00000000fa300000)
  to   space 52736K, 0% used [0x00000000f3c00000,0x00000000f3c00000,0x00000000f6f80000)
 ParOldGen       total 121344K, used 104521K [0x00000000a0000000, 0x00000000a7680000, 0x00000000e0000000)
  object space 121344K, 86% used [0x00000000a0000000,0x00000000a6612520,0x00000000a7680000)
 Metaspace       used 94027K, capacity 98494K, committed 98560K, reserved 1134592K
  class space    used 11682K, capacity 12544K, committed 12544K, reserved 1048576K
}
Event: 279.230 GC heap before
{Heap before GC invocations=44 (full 4):
 PSYoungGen      total 371712K, used 3440K [0x00000000e0000000, 0x00000000fa300000, 0x0000000100000000)
  eden space 323584K, 0% used [0x00000000e0000000,0x00000000e0000000,0x00000000f3c00000)
  from space 48128K, 7% used [0x00000000f7400000,0x00000000f775c0c8,0x00000000fa300000)
  to   space 52736K, 0% used [0x00000000f3c00000,0x00000000f3c00000,0x00000000f6f80000)
 ParOldGen       total 121344K, used 104521K [0x00000000a0000000, 0x00000000a7680000, 0x00000000e0000000)
  object space 121344K, 86% used [0x00000000a0000000,0x00000000a6612520,0x00000000a7680000)
 Metaspace       used 94027K, capacity 98494K, committed 98560K, reserved 1134592K
  class space    used 11682K, capacity 12544K, committed 12544K, reserved 1048576K
Event: 279.670 GC heap after
Heap after GC invocations=44 (full 4):
 PSYoungGen      total 371712K, used 0K [0x00000000e0000000, 0x00000000fa300000, 0x0000000100000000)
  eden space 323584K, 0% used [0x00000000e0000000,0x00000000e0000000,0x00000000f3c00000)
  from space 48128K, 0% used [0x00000000f7400000,0x00000000f7400000,0x00000000fa300000)
  to   space 52736K, 0% used [0x00000000f3c00000,0x00000000f3c00000,0x00000000f6f80000)
 ParOldGen       total 121344K, used 86563K [0x00000000a0000000, 0x00000000a7680000, 0x00000000e0000000)
  object space 121344K, 71% used [0x00000000a0000000,0x00000000a5488ef8,0x00000000a7680000)
 Metaspace       used 93429K, capacity 97272K, committed 98560K, reserved 1134592K
  class space    used 11551K, capacity 12295K, committed 12544K, reserved 1048576K
}

