# JRE version: OpenJDK Runtime Environment (8.0_152-b01) (build 1.8.0_152-release-1248-b01)
# Java VM: OpenJDK 64-Bit Server VM (25.152-b01 mixed mode windows-amd64 compressed oops)
Heap:
 PSYoungGen      total 368128K, used 67641K [0x00000000e0000000, 0x00000000f8a80000, 0x0000000100000000)
  eden space 341504K, 17% used [0x00000000e0000000,0x00000000e3a66ba0,0x00000000f4d80000)
  from space 26624K, 29% used [0x00000000f7080000,0x00000000f7827af8,0x00000000f8a80000)
  to   space 31232K, 0% used [0x00000000f4d80000,0x00000000f4d80000,0x00000000f6c00000)
 ParOldGen       total 140800K, used 81323K [0x00000000a0000000, 0x00000000a8980000, 0x00000000e0000000)
  object space 140800K, 57% used [0x00000000a0000000,0x00000000a4f6ae78,0x00000000a8980000)
 Metaspace       used 81940K, capacity 85870K, committed 86104K, reserved 1124352K
  class space    used 10627K, capacity 11350K, committed 11392K, reserved 1048576K
GC Heap History (10 events):
Event: 31.887 GC heap before
{Heap before GC invocations=17 (full 3):
 PSYoungGen      total 257024K, used 254831K [0x00000000e0000000, 0x00000000f3e80000, 0x0000000100000000)
  eden space 230912K, 100% used [0x00000000e0000000,0x00000000ee180000,0x00000000ee180000)
  from space 26112K, 91% used [0x00000000ee180000,0x00000000ef8dbdc0,0x00000000efb00000)
  to   space 29184K, 0% used [0x00000000f2200000,0x00000000f2200000,0x00000000f3e80000)
 ParOldGen       total 140800K, used 59401K [0x00000000a0000000, 0x00000000a8980000, 0x00000000e0000000)
  object space 140800K, 42% used [0x00000000a0000000,0x00000000a3a02450,0x00000000a8980000)
 Metaspace       used 80834K, capacity 84622K, committed 84824K, reserved 1122304K
  class space    used 10592K, capacity 11314K, committed 11392K, reserved 1048576K
Event: 31.969 GC heap after
Heap after GC invocations=17 (full 3):
 PSYoungGen      total 291328K, used 29155K [0x00000000e0000000, 0x00000000f4900000, 0x0000000100000000)
  eden space 262144K, 0% used [0x00000000e0000000,0x00000000e0000000,0x00000000f0000000)
  from space 29184K, 99% used [0x00000000f2200000,0x00000000f3e78ea8,0x00000000f3e80000)
  to   space 34816K, 0% used [0x00000000f0000000,0x00000000f0000000,0x00000000f2200000)
 ParOldGen       total 140800K, used 63020K [0x00000000a0000000, 0x00000000a8980000, 0x00000000e0000000)
  object space 140800K, 44% used [0x00000000a0000000,0x00000000a3d8b0b0,0x00000000a8980000)
 Metaspace       used 80834K, capacity 84622K, committed 84824K, reserved 1122304K
  class space    used 10592K, capacity 11314K, committed 11392K, reserved 1048576K
}
Event: 34.840 GC heap before
{Heap before GC invocations=18 (full 3):
 PSYoungGen      total 291328K, used 291299K [0x00000000e0000000, 0x00000000f4900000, 0x0000000100000000)
  eden space 262144K, 100% used [0x00000000e0000000,0x00000000f0000000,0x00000000f0000000)
  from space 29184K, 99% used [0x00000000f2200000,0x00000000f3e78ea8,0x00000000f3e80000)
  to   space 34816K, 0% used [0x00000000f0000000,0x00000000f0000000,0x00000000f2200000)
 ParOldGen       total 140800K, used 63020K [0x00000000a0000000, 0x00000000a8980000, 0x00000000e0000000)
  object space 140800K, 44% used [0x00000000a0000000,0x00000000a3d8b0b0,0x00000000a8980000)
 Metaspace       used 81602K, capacity 85506K, committed 85592K, reserved 1124352K
  class space    used 10614K, capacity 11346K, committed 11392K, reserved 1048576K
Event: 34.901 GC heap after
Heap after GC invocations=18 (full 3):
 PSYoungGen      total 296960K, used 7857K [0x00000000e0000000, 0x00000000f6e80000, 0x0000000100000000)
  eden space 262144K, 0% used [0x00000000e0000000,0x00000000e0000000,0x00000000f0000000)
  from space 34816K, 22% used [0x00000000f0000000,0x00000000f07ac4b8,0x00000000f2200000)
  to   space 34304K, 0% used [0x00000000f4d00000,0x00000000f4d00000,0x00000000f6e80000)
 ParOldGen       total 140800K, used 81299K [0x00000000a0000000, 0x00000000a8980000, 0x00000000e0000000)
  object space 140800K, 57% used [0x00000000a0000000,0x00000000a4f64e78,0x00000000a8980000)
 Metaspace       used 81602K, capacity 85506K, committed 85592K, reserved 1124352K
  class space    used 10614K, capacity 11346K, committed 11392K, reserved 1048576K
}
Event: 37.196 GC heap before
{Heap before GC invocations=19 (full 3):
 PSYoungGen      total 296960K, used 270001K [0x00000000e0000000, 0x00000000f6e80000, 0x0000000100000000)
  eden space 262144K, 100% used [0x00000000e0000000,0x00000000f0000000,0x00000000f0000000)
  from space 34816K, 22% used [0x00000000f0000000,0x00000000f07ac4b8,0x00000000f2200000)
  to   space 34304K, 0% used [0x00000000f4d00000,0x00000000f4d00000,0x00000000f6e80000)
 ParOldGen       total 140800K, used 81299K [0x00000000a0000000, 0x00000000a8980000, 0x00000000e0000000)
  object space 140800K, 57% used [0x00000000a0000000,0x00000000a4f64e78,0x00000000a8980000)
 Metaspace       used 81757K, capacity 85652K, committed 85848K, reserved 1124352K
  class space    used 10627K, capacity 11349K, committed 11392K, reserved 1048576K
Event: 37.255 GC heap after
Heap after GC invocations=19 (full 3):
 PSYoungGen      total 342528K, used 10481K [0x00000000e0000000, 0x00000000f7000000, 0x0000000100000000)
  eden space 308224K, 0% used [0x00000000e0000000,0x00000000e0000000,0x00000000f2d00000)
  from space 34304K, 30% used [0x00000000f4d00000,0x00000000f573c4d8,0x00000000f6e80000)
  to   space 32768K, 0% used [0x00000000f2d00000,0x00000000f2d00000,0x00000000f4d00000)
 ParOldGen       total 140800K, used 81307K [0x00000000a0000000, 0x00000000a8980000, 0x00000000e0000000)
  object space 140800K, 57% used [0x00000000a0000000,0x00000000a4f66e78,0x00000000a8980000)
 Metaspace       used 81757K, capacity 85652K, committed 85848K, reserved 1124352K
  class space    used 10627K, capacity 11349K, committed 11392K, reserved 1048576K
}
Event: 40.266 GC heap before
{Heap before GC invocations=20 (full 3):
 PSYoungGen      total 342528K, used 318705K [0x00000000e0000000, 0x00000000f7000000, 0x0000000100000000)
  eden space 308224K, 100% used [0x00000000e0000000,0x00000000f2d00000,0x00000000f2d00000)
  from space 34304K, 30% used [0x00000000f4d00000,0x00000000f573c4d8,0x00000000f6e80000)
  to   space 32768K, 0% used [0x00000000f2d00000,0x00000000f2d00000,0x00000000f4d00000)
 ParOldGen       total 140800K, used 81307K [0x00000000a0000000, 0x00000000a8980000, 0x00000000e0000000)
  object space 140800K, 57% used [0x00000000a0000000,0x00000000a4f66e78,0x00000000a8980000)
 Metaspace       used 81870K, capacity 85796K, committed 85848K, reserved 1124352K
  class space    used 10627K, capacity 11349K, committed 11392K, reserved 1048576K
Event: 40.309 GC heap after
Heap after GC invocations=20 (full 3):
 PSYoungGen      total 340992K, used 7637K [0x00000000e0000000, 0x00000000f9000000, 0x0000000100000000)
  eden space 308224K, 0% used [0x00000000e0000000,0x00000000e0000000,0x00000000f2d00000)
  from space 32768K, 23% used [0x00000000f2d00000,0x00000000f34756b8,0x00000000f4d00000)
  to   space 32256K, 0% used [0x00000000f7080000,0x00000000f7080000,0x00000000f9000000)
 ParOldGen       total 140800K, used 81315K [0x00000000a0000000, 0x00000000a8980000, 0x00000000e0000000)
  object space 140800K, 57% used [0x00000000a0000000,0x00000000a4f68e78,0x00000000a8980000)
 Metaspace       used 81870K, capacity 85796K, committed 85848K, reserved 1124352K
  class space    used 10627K, capacity 11349K, committed 11392K, reserved 1048576K
}
Event: 42.650 GC heap before
{Heap before GC invocations=21 (full 3):
 PSYoungGen      total 340992K, used 315861K [0x00000000e0000000, 0x00000000f9000000, 0x0000000100000000)
  eden space 308224K, 100% used [0x00000000e0000000,0x00000000f2d00000,0x00000000f2d00000)
  from space 32768K, 23% used [0x00000000f2d00000,0x00000000f34756b8,0x00000000f4d00000)
  to   space 32256K, 0% used [0x00000000f7080000,0x00000000f7080000,0x00000000f9000000)
 ParOldGen       total 140800K, used 81315K [0x00000000a0000000, 0x00000000a8980000, 0x00000000e0000000)
  object space 140800K, 57% used [0x00000000a0000000,0x00000000a4f68e78,0x00000000a8980000)
 Metaspace       used 81931K, capacity 85870K, committed 86104K, reserved 1124352K
  class space    used 10627K, capacity 11350K, committed 11392K, reserved 1048576K
Event: 42.669 GC heap after
Heap after GC invocations=21 (full 3):
 PSYoungGen      total 368128K, used 7838K [0x00000000e0000000, 0x00000000f8a80000, 0x0000000100000000)
  eden space 341504K, 0% used [0x00000000e0000000,0x00000000e0000000,0x00000000f4d80000)
  from space 26624K, 29% used [0x00000000f7080000,0x00000000f7827af8,0x00000000f8a80000)
  to   space 31232K, 0% used [0x00000000f4d80000,0x00000000f4d80000,0x00000000f6c00000)
 ParOldGen       total 140800K, used 81323K [0x00000000a0000000, 0x00000000a8980000, 0x00000000e0000000)
  object space 140800K, 57% used [0x00000000a0000000,0x00000000a4f6ae78,0x00000000a8980000)
 Metaspace       used 81931K, capacity 85870K, committed 86104K, reserved 1124352K
  class space    used 10627K, capacity 11350K, committed 11392K, reserved 1048576K
}

