# JRE version: OpenJDK Runtime Environment (8.0_152-b01) (build 1.8.0_152-release-1248-b01)
# Java VM: OpenJDK 64-Bit Server VM (25.152-b01 mixed mode windows-amd64 compressed oops)
Heap:
 PSYoungGen      total 363520K, used 178281K [0x00000000e0000000, 0x00000000f7b00000, 0x0000000100000000)
  eden space 338944K, 49% used [0x00000000e0000000,0x00000000ea471510,0x00000000f4b00000)
  from space 24576K, 40% used [0x00000000f4b00000,0x00000000f54a90c8,0x00000000f6300000)
  to   space 20992K, 0% used [0x00000000f6680000,0x00000000f6680000,0x00000000f7b00000)
 ParOldGen       total 135680K, used 82236K [0x00000000a0000000, 0x00000000a8480000, 0x00000000e0000000)
  object space 135680K, 60% used [0x00000000a0000000,0x00000000a504f208,0x00000000a8480000)
 Metaspace       used 80234K, capacity 83716K, committed 84056K, reserved 1122304K
  class space    used 10389K, capacity 11041K, committed 11136K, reserved 1048576K
GC Heap History (10 events):
Event: 39.760 GC heap before
{Heap before GC invocations=20 (full 3):
 PSYoungGen      total 315904K, used 299900K [0x00000000e0000000, 0x00000000f7280000, 0x0000000100000000)
  eden space 286720K, 100% used [0x00000000e0000000,0x00000000f1800000,0x00000000f1800000)
  from space 29184K, 45% used [0x00000000f3200000,0x00000000f3edf148,0x00000000f4e80000)
  to   space 26624K, 0% used [0x00000000f1800000,0x00000000f1800000,0x00000000f3200000)
 ParOldGen       total 135680K, used 82228K [0x00000000a0000000, 0x00000000a8480000, 0x00000000e0000000)
  object space 135680K, 60% used [0x00000000a0000000,0x00000000a504d208,0x00000000a8480000)
 Metaspace       used 80080K, capacity 83568K, committed 83800K, reserved 1122304K
  class space    used 10386K, capacity 11037K, committed 11136K, reserved 1048576K
Event: 39.772 GC heap after
Heap after GC invocations=20 (full 3):
 PSYoungGen      total 313344K, used 6430K [0x00000000e0000000, 0x00000000f6400000, 0x0000000100000000)
  eden space 286720K, 0% used [0x00000000e0000000,0x00000000e0000000,0x00000000f1800000)
  from space 26624K, 24% used [0x00000000f1800000,0x00000000f1e47888,0x00000000f3200000)
  to   space 26112K, 0% used [0x00000000f4a80000,0x00000000f4a80000,0x00000000f6400000)
 ParOldGen       total 135680K, used 82228K [0x00000000a0000000, 0x00000000a8480000, 0x00000000e0000000)
  object space 135680K, 60% used [0x00000000a0000000,0x00000000a504d208,0x00000000a8480000)
 Metaspace       used 80080K, capacity 83568K, committed 83800K, reserved 1122304K
  class space    used 10386K, capacity 11037K, committed 11136K, reserved 1048576K
}
Event: 40.914 GC heap before
{Heap before GC invocations=21 (full 3):
 PSYoungGen      total 313344K, used 293150K [0x00000000e0000000, 0x00000000f6400000, 0x0000000100000000)
  eden space 286720K, 100% used [0x00000000e0000000,0x00000000f1800000,0x00000000f1800000)
  from space 26624K, 24% used [0x00000000f1800000,0x00000000f1e47888,0x00000000f3200000)
  to   space 26112K, 0% used [0x00000000f4a80000,0x00000000f4a80000,0x00000000f6400000)
 ParOldGen       total 135680K, used 82228K [0x00000000a0000000, 0x00000000a8480000, 0x00000000e0000000)
  object space 135680K, 60% used [0x00000000a0000000,0x00000000a504d208,0x00000000a8480000)
 Metaspace       used 80128K, capacity 83636K, committed 83800K, reserved 1122304K
  class space    used 10386K, capacity 11037K, committed 11136K, reserved 1048576K
Event: 40.926 GC heap after
Heap after GC invocations=21 (full 3):
 PSYoungGen      total 337408K, used 4750K [0x00000000e0000000, 0x00000000f6380000, 0x0000000100000000)
  eden space 311808K, 0% used [0x00000000e0000000,0x00000000e0000000,0x00000000f3080000)
  from space 25600K, 18% used [0x00000000f4a80000,0x00000000f4f238c8,0x00000000f6380000)
  to   space 26112K, 0% used [0x00000000f3080000,0x00000000f3080000,0x00000000f4a00000)
 ParOldGen       total 135680K, used 82228K [0x00000000a0000000, 0x00000000a8480000, 0x00000000e0000000)
  object space 135680K, 60% used [0x00000000a0000000,0x00000000a504d208,0x00000000a8480000)
 Metaspace       used 80128K, capacity 83636K, committed 83800K, reserved 1122304K
  class space    used 10386K, capacity 11037K, committed 11136K, reserved 1048576K
}
Event: 42.302 GC heap before
{Heap before GC invocations=22 (full 3):
 PSYoungGen      total 337408K, used 316558K [0x00000000e0000000, 0x00000000f6380000, 0x0000000100000000)
  eden space 311808K, 100% used [0x00000000e0000000,0x00000000f3080000,0x00000000f3080000)
  from space 25600K, 18% used [0x00000000f4a80000,0x00000000f4f238c8,0x00000000f6380000)
  to   space 26112K, 0% used [0x00000000f3080000,0x00000000f3080000,0x00000000f4a00000)
 ParOldGen       total 135680K, used 82228K [0x00000000a0000000, 0x00000000a8480000, 0x00000000e0000000)
  object space 135680K, 60% used [0x00000000a0000000,0x00000000a504d208,0x00000000a8480000)
 Metaspace       used 80166K, capacity 83650K, committed 83800K, reserved 1122304K
  class space    used 10388K, capacity 11040K, committed 11136K, reserved 1048576K
Event: 42.328 GC heap after
Heap after GC invocations=22 (full 3):
 PSYoungGen      total 337920K, used 7159K [0x00000000e0000000, 0x00000000f7f00000, 0x0000000100000000)
  eden space 311808K, 0% used [0x00000000e0000000,0x00000000e0000000,0x00000000f3080000)
  from space 26112K, 27% used [0x00000000f3080000,0x00000000f377def8,0x00000000f4a00000)
  to   space 25088K, 0% used [0x00000000f6680000,0x00000000f6680000,0x00000000f7f00000)
 ParOldGen       total 135680K, used 82236K [0x00000000a0000000, 0x00000000a8480000, 0x00000000e0000000)
  object space 135680K, 60% used [0x00000000a0000000,0x00000000a504f208,0x00000000a8480000)
 Metaspace       used 80166K, capacity 83650K, committed 83800K, reserved 1122304K
  class space    used 10388K, capacity 11040K, committed 11136K, reserved 1048576K
}
Event: 44.275 GC heap before
{Heap before GC invocations=23 (full 3):
 PSYoungGen      total 337920K, used 318967K [0x00000000e0000000, 0x00000000f7f00000, 0x0000000100000000)
  eden space 311808K, 100% used [0x00000000e0000000,0x00000000f3080000,0x00000000f3080000)
  from space 26112K, 27% used [0x00000000f3080000,0x00000000f377def8,0x00000000f4a00000)
  to   space 25088K, 0% used [0x00000000f6680000,0x00000000f6680000,0x00000000f7f00000)
 ParOldGen       total 135680K, used 82236K [0x00000000a0000000, 0x00000000a8480000, 0x00000000e0000000)
  object space 135680K, 60% used [0x00000000a0000000,0x00000000a504f208,0x00000000a8480000)
 Metaspace       used 80200K, capacity 83650K, committed 83800K, reserved 1122304K
  class space    used 10388K, capacity 11040K, committed 11136K, reserved 1048576K
Event: 44.287 GC heap after
Heap after GC invocations=23 (full 3):
 PSYoungGen      total 359936K, used 6180K [0x00000000e0000000, 0x00000000f7b00000, 0x0000000100000000)
  eden space 338944K, 0% used [0x00000000e0000000,0x00000000e0000000,0x00000000f4b00000)
  from space 20992K, 29% used [0x00000000f6680000,0x00000000f6c89010,0x00000000f7b00000)
  to   space 24576K, 0% used [0x00000000f4b00000,0x00000000f4b00000,0x00000000f6300000)
 ParOldGen       total 135680K, used 82236K [0x00000000a0000000, 0x00000000a8480000, 0x00000000e0000000)
  object space 135680K, 60% used [0x00000000a0000000,0x00000000a504f208,0x00000000a8480000)
 Metaspace       used 80200K, capacity 83650K, committed 83800K, reserved 1122304K
  class space    used 10388K, capacity 11040K, committed 11136K, reserved 1048576K
}
Event: 45.835 GC heap before
{Heap before GC invocations=24 (full 3):
 PSYoungGen      total 359936K, used 345124K [0x00000000e0000000, 0x00000000f7b00000, 0x0000000100000000)
  eden space 338944K, 100% used [0x00000000e0000000,0x00000000f4b00000,0x00000000f4b00000)
  from space 20992K, 29% used [0x00000000f6680000,0x00000000f6c89010,0x00000000f7b00000)
  to   space 24576K, 0% used [0x00000000f4b00000,0x00000000f4b00000,0x00000000f6300000)
 ParOldGen       total 135680K, used 82236K [0x00000000a0000000, 0x00000000a8480000, 0x00000000e0000000)
  object space 135680K, 60% used [0x00000000a0000000,0x00000000a504f208,0x00000000a8480000)
 Metaspace       used 80217K, capacity 83714K, committed 84056K, reserved 1122304K
  class space    used 10388K, capacity 11040K, committed 11136K, reserved 1048576K
Event: 45.868 GC heap after
Heap after GC invocations=24 (full 3):
 PSYoungGen      total 363520K, used 9892K [0x00000000e0000000, 0x00000000f7b00000, 0x0000000100000000)
  eden space 338944K, 0% used [0x00000000e0000000,0x00000000e0000000,0x00000000f4b00000)
  from space 24576K, 40% used [0x00000000f4b00000,0x00000000f54a90c8,0x00000000f6300000)
  to   space 20992K, 0% used [0x00000000f6680000,0x00000000f6680000,0x00000000f7b00000)
 ParOldGen       total 135680K, used 82236K [0x00000000a0000000, 0x00000000a8480000, 0x00000000e0000000)
  object space 135680K, 60% used [0x00000000a0000000,0x00000000a504f208,0x00000000a8480000)
 Metaspace       used 80217K, capacity 83714K, committed 84056K, reserved 1122304K
  class space    used 10388K, capacity 11040K, committed 11136K, reserved 1048576K
}

