# JRE version: OpenJDK Runtime Environment (8.0_152-b01) (build 1.8.0_152-release-1248-b01)
# Java VM: OpenJDK 64-Bit Server VM (25.152-b01 mixed mode windows-amd64 compressed oops)
Heap:
 PSYoungGen      total 330240K, used 198606K [0x00000000e0000000, 0x00000000f6900000, 0x0000000100000000)
  eden space 296960K, 61% used [0x00000000e0000000,0x00000000eb367608,0x00000000f2200000)
  from space 33280K, 44% used [0x00000000f4380000,0x00000000f520c2f8,0x00000000f6400000)
  to   space 34304K, 0% used [0x00000000f2200000,0x00000000f2200000,0x00000000f4380000)
 ParOldGen       total 146944K, used 74091K [0x00000000a0000000, 0x00000000a8f80000, 0x00000000e0000000)
  object space 146944K, 50% used [0x00000000a0000000,0x00000000a485aee0,0x00000000a8f80000)
 Metaspace       used 88430K, capacity 92339K, committed 92504K, reserved 1130496K
  class space    used 11383K, capacity 12141K, committed 12160K, reserved 1048576K
GC Heap History (10 events):
Event: 62.743 GC heap before
{Heap before GC invocations=19 (full 3):
 PSYoungGen      total 261632K, used 254561K [0x00000000e0000000, 0x00000000f4280000, 0x0000000100000000)
  eden space 230400K, 100% used [0x00000000e0000000,0x00000000ee100000,0x00000000ee100000)
  from space 31232K, 77% used [0x00000000ee100000,0x00000000ef8987f8,0x00000000eff80000)
  to   space 32768K, 0% used [0x00000000f2280000,0x00000000f2280000,0x00000000f4280000)
 ParOldGen       total 146944K, used 74059K [0x00000000a0000000, 0x00000000a8f80000, 0x00000000e0000000)
  object space 146944K, 50% used [0x00000000a0000000,0x00000000a4852ee0,0x00000000a8f80000)
 Metaspace       used 88143K, capacity 92065K, committed 92248K, reserved 1130496K
  class space    used 11370K, capacity 12104K, committed 12160K, reserved 1048576K
Event: 62.777 GC heap after
Heap after GC invocations=19 (full 3):
 PSYoungGen      total 297984K, used 18402K [0x00000000e0000000, 0x00000000f4680000, 0x0000000100000000)
  eden space 265216K, 0% used [0x00000000e0000000,0x00000000e0000000,0x00000000f0300000)
  from space 32768K, 56% used [0x00000000f2280000,0x00000000f3478a30,0x00000000f4280000)
  to   space 32256K, 0% used [0x00000000f0300000,0x00000000f0300000,0x00000000f2280000)
 ParOldGen       total 146944K, used 74067K [0x00000000a0000000, 0x00000000a8f80000, 0x00000000e0000000)
  object space 146944K, 50% used [0x00000000a0000000,0x00000000a4854ee0,0x00000000a8f80000)
 Metaspace       used 88143K, capacity 92065K, committed 92248K, reserved 1130496K
  class space    used 11370K, capacity 12104K, committed 12160K, reserved 1048576K
}
Event: 64.991 GC heap before
{Heap before GC invocations=20 (full 3):
 PSYoungGen      total 297984K, used 283618K [0x00000000e0000000, 0x00000000f4680000, 0x0000000100000000)
  eden space 265216K, 100% used [0x00000000e0000000,0x00000000f0300000,0x00000000f0300000)
  from space 32768K, 56% used [0x00000000f2280000,0x00000000f3478a30,0x00000000f4280000)
  to   space 32256K, 0% used [0x00000000f0300000,0x00000000f0300000,0x00000000f2280000)
 ParOldGen       total 146944K, used 74067K [0x00000000a0000000, 0x00000000a8f80000, 0x00000000e0000000)
  object space 146944K, 50% used [0x00000000a0000000,0x00000000a4854ee0,0x00000000a8f80000)
 Metaspace       used 88266K, capacity 92155K, committed 92248K, reserved 1130496K
  class space    used 11377K, capacity 12107K, committed 12160K, reserved 1048576K
Event: 65.030 GC heap after
Heap after GC invocations=20 (full 3):
 PSYoungGen      total 297472K, used 22769K [0x00000000e0000000, 0x00000000f6400000, 0x0000000100000000)
  eden space 265216K, 0% used [0x00000000e0000000,0x00000000e0000000,0x00000000f0300000)
  from space 32256K, 70% used [0x00000000f0300000,0x00000000f193c7d0,0x00000000f2280000)
  to   space 33280K, 0% used [0x00000000f4380000,0x00000000f4380000,0x00000000f6400000)
 ParOldGen       total 146944K, used 74075K [0x00000000a0000000, 0x00000000a8f80000, 0x00000000e0000000)
  object space 146944K, 50% used [0x00000000a0000000,0x00000000a4856ee0,0x00000000a8f80000)
 Metaspace       used 88266K, capacity 92155K, committed 92248K, reserved 1130496K
  class space    used 11377K, capacity 12107K, committed 12160K, reserved 1048576K
}
Event: 66.857 GC heap before
{Heap before GC invocations=21 (full 3):
 PSYoungGen      total 297472K, used 287985K [0x00000000e0000000, 0x00000000f6400000, 0x0000000100000000)
  eden space 265216K, 100% used [0x00000000e0000000,0x00000000f0300000,0x00000000f0300000)
  from space 32256K, 70% used [0x00000000f0300000,0x00000000f193c7d0,0x00000000f2280000)
  to   space 33280K, 0% used [0x00000000f4380000,0x00000000f4380000,0x00000000f6400000)
 ParOldGen       total 146944K, used 74075K [0x00000000a0000000, 0x00000000a8f80000, 0x00000000e0000000)
  object space 146944K, 50% used [0x00000000a0000000,0x00000000a4856ee0,0x00000000a8f80000)
 Metaspace       used 88320K, capacity 92255K, committed 92504K, reserved 1130496K
  class space    used 11381K, capacity 12139K, committed 12160K, reserved 1048576K
Event: 66.896 GC heap after
Heap after GC invocations=21 (full 3):
 PSYoungGen      total 330240K, used 23705K [0x00000000e0000000, 0x00000000f6900000, 0x0000000100000000)
  eden space 296960K, 0% used [0x00000000e0000000,0x00000000e0000000,0x00000000f2200000)
  from space 33280K, 71% used [0x00000000f4380000,0x00000000f5aa6628,0x00000000f6400000)
  to   space 34304K, 0% used [0x00000000f2200000,0x00000000f2200000,0x00000000f4380000)
 ParOldGen       total 146944K, used 74083K [0x00000000a0000000, 0x00000000a8f80000, 0x00000000e0000000)
  object space 146944K, 50% used [0x00000000a0000000,0x00000000a4858ee0,0x00000000a8f80000)
 Metaspace       used 88320K, capacity 92255K, committed 92504K, reserved 1130496K
  class space    used 11381K, capacity 12139K, committed 12160K, reserved 1048576K
}
Event: 68.680 GC heap before
{Heap before GC invocations=22 (full 3):
 PSYoungGen      total 330240K, used 320665K [0x00000000e0000000, 0x00000000f6900000, 0x0000000100000000)
  eden space 296960K, 100% used [0x00000000e0000000,0x00000000f2200000,0x00000000f2200000)
  from space 33280K, 71% used [0x00000000f4380000,0x00000000f5aa6628,0x00000000f6400000)
  to   space 34304K, 0% used [0x00000000f2200000,0x00000000f2200000,0x00000000f4380000)
 ParOldGen       total 146944K, used 74083K [0x00000000a0000000, 0x00000000a8f80000, 0x00000000e0000000)
  object space 146944K, 50% used [0x00000000a0000000,0x00000000a4858ee0,0x00000000a8f80000)
 Metaspace       used 88365K, capacity 92263K, committed 92504K, reserved 1130496K
  class space    used 11382K, capacity 12139K, committed 12160K, reserved 1048576K
Event: 68.728 GC heap after
Heap after GC invocations=22 (full 3):
 PSYoungGen      total 331264K, used 18851K [0x00000000e0000000, 0x00000000f6900000, 0x0000000100000000)
  eden space 296960K, 0% used [0x00000000e0000000,0x00000000e0000000,0x00000000f2200000)
  from space 34304K, 54% used [0x00000000f2200000,0x00000000f3468e88,0x00000000f4380000)
  to   space 33280K, 0% used [0x00000000f4380000,0x00000000f4380000,0x00000000f6400000)
 ParOldGen       total 146944K, used 74091K [0x00000000a0000000, 0x00000000a8f80000, 0x00000000e0000000)
  object space 146944K, 50% used [0x00000000a0000000,0x00000000a485aee0,0x00000000a8f80000)
 Metaspace       used 88365K, capacity 92263K, committed 92504K, reserved 1130496K
  class space    used 11382K, capacity 12139K, committed 12160K, reserved 1048576K
}
Event: 70.284 GC heap before
{Heap before GC invocations=23 (full 3):
 PSYoungGen      total 331264K, used 315811K [0x00000000e0000000, 0x00000000f6900000, 0x0000000100000000)
  eden space 296960K, 100% used [0x00000000e0000000,0x00000000f2200000,0x00000000f2200000)
  from space 34304K, 54% used [0x00000000f2200000,0x00000000f3468e88,0x00000000f4380000)
  to   space 33280K, 0% used [0x00000000f4380000,0x00000000f4380000,0x00000000f6400000)
 ParOldGen       total 146944K, used 74091K [0x00000000a0000000, 0x00000000a8f80000, 0x00000000e0000000)
  object space 146944K, 50% used [0x00000000a0000000,0x00000000a485aee0,0x00000000a8f80000)
 Metaspace       used 88423K, capacity 92331K, committed 92504K, reserved 1130496K
  class space    used 11382K, capacity 12139K, committed 12160K, reserved 1048576K
Event: 70.329 GC heap after
Heap after GC invocations=23 (full 3):
 PSYoungGen      total 330240K, used 14896K [0x00000000e0000000, 0x00000000f6900000, 0x0000000100000000)
  eden space 296960K, 0% used [0x00000000e0000000,0x00000000e0000000,0x00000000f2200000)
  from space 33280K, 44% used [0x00000000f4380000,0x00000000f520c2f8,0x00000000f6400000)
  to   space 34304K, 0% used [0x00000000f2200000,0x00000000f2200000,0x00000000f4380000)
 ParOldGen       total 146944K, used 74091K [0x00000000a0000000, 0x00000000a8f80000, 0x00000000e0000000)
  object space 146944K, 50% used [0x00000000a0000000,0x00000000a485aee0,0x00000000a8f80000)
 Metaspace       used 88423K, capacity 92331K, committed 92504K, reserved 1130496K
  class space    used 11382K, capacity 12139K, committed 12160K, reserved 1048576K
}

