# JRE version: OpenJDK Runtime Environment (8.0_152-b01) (build 1.8.0_152-release-1248-b01)
# Java VM: OpenJDK 64-Bit Server VM (25.152-b01 mixed mode windows-amd64 compressed oops)
Heap:
 PSYoungGen      total 430080K, used 282989K [0x00000000e0000000, 0x00000000ffd00000, 0x0000000100000000)
  eden space 350720K, 74% used [0x00000000e0000000,0x00000000f0024088,0x00000000f5680000)
  from space 79360K, 26% used [0x00000000f5680000,0x00000000f6ab7698,0x00000000fa400000)
  to   space 73728K, 0% used [0x00000000fb500000,0x00000000fb500000,0x00000000ffd00000)
 ParOldGen       total 240640K, used 101629K [0x00000000a0000000, 0x00000000aeb00000, 0x00000000e0000000)
  object space 240640K, 42% used [0x00000000a0000000,0x00000000a633f7d0,0x00000000aeb00000)
 Metaspace       used 98384K, capacity 102973K, committed 103116K, reserved 1138688K
  class space    used 12264K, capacity 13190K, committed 13300K, reserved 1048576K
GC Heap History (10 events):
Event: 181.797 GC heap before
{Heap before GC invocations=48 (full 5):
 PSYoungGen      total 417280K, used 330683K [0x00000000e0000000, 0x00000000ff900000, 0x0000000100000000)
  eden space 325632K, 100% used [0x00000000e0000000,0x00000000f3e00000,0x00000000f3e00000)
  from space 91648K, 5% used [0x00000000f9f80000,0x00000000fa46ef58,0x00000000ff900000)
  to   space 95744K, 0% used [0x00000000f3e00000,0x00000000f3e00000,0x00000000f9b80000)
 ParOldGen       total 240640K, used 100914K [0x00000000a0000000, 0x00000000aeb00000, 0x00000000e0000000)
  object space 240640K, 41% used [0x00000000a0000000,0x00000000a628cb38,0x00000000aeb00000)
 Metaspace       used 97641K, capacity 102063K, committed 102348K, reserved 1138688K
  class space    used 12213K, capacity 13125K, committed 13300K, reserved 1048576K
Event: 181.802 GC heap after
Heap after GC invocations=48 (full 5):
 PSYoungGen      total 421376K, used 3505K [0x00000000e0000000, 0x00000000fff00000, 0x0000000100000000)
  eden space 325632K, 0% used [0x00000000e0000000,0x00000000e0000000,0x00000000f3e00000)
  from space 95744K, 3% used [0x00000000f3e00000,0x00000000f416c7b0,0x00000000f9b80000)
  to   space 93184K, 0% used [0x00000000fa400000,0x00000000fa400000,0x00000000fff00000)
 ParOldGen       total 240640K, used 100914K [0x00000000a0000000, 0x00000000aeb00000, 0x00000000e0000000)
  object space 240640K, 41% used [0x00000000a0000000,0x00000000a628cb38,0x00000000aeb00000)
 Metaspace       used 97641K, capacity 102063K, committed 102348K, reserved 1138688K
  class space    used 12213K, capacity 13125K, committed 13300K, reserved 1048576K
}
Event: 191.003 GC heap before
{Heap before GC invocations=49 (full 5):
 PSYoungGen      total 421376K, used 329137K [0x00000000e0000000, 0x00000000fff00000, 0x0000000100000000)
  eden space 325632K, 100% used [0x00000000e0000000,0x00000000f3e00000,0x00000000f3e00000)
  from space 95744K, 3% used [0x00000000f3e00000,0x00000000f416c7b0,0x00000000f9b80000)
  to   space 93184K, 0% used [0x00000000fa400000,0x00000000fa400000,0x00000000fff00000)
 ParOldGen       total 240640K, used 100914K [0x00000000a0000000, 0x00000000aeb00000, 0x00000000e0000000)
  object space 240640K, 41% used [0x00000000a0000000,0x00000000a628cb38,0x00000000aeb00000)
 Metaspace       used 98005K, capacity 102495K, committed 102860K, reserved 1138688K
  class space    used 12242K, capacity 13153K, committed 13300K, reserved 1048576K
Event: 191.022 GC heap after
Heap after GC invocations=49 (full 5):
 PSYoungGen      total 417792K, used 10891K [0x00000000e0000000, 0x00000000ff480000, 0x0000000100000000)
  eden space 335360K, 0% used [0x00000000e0000000,0x00000000e0000000,0x00000000f4780000)
  from space 82432K, 13% used [0x00000000fa400000,0x00000000faea2cd0,0x00000000ff480000)
  to   space 88576K, 0% used [0x00000000f4780000,0x00000000f4780000,0x00000000f9e00000)
 ParOldGen       total 240640K, used 100922K [0x00000000a0000000, 0x00000000aeb00000, 0x00000000e0000000)
  object space 240640K, 41% used [0x00000000a0000000,0x00000000a628eb38,0x00000000aeb00000)
 Metaspace       used 98005K, capacity 102495K, committed 102860K, reserved 1138688K
  class space    used 12242K, capacity 13153K, committed 13300K, reserved 1048576K
}
Event: 218.367 GC heap before
{Heap before GC invocations=50 (full 5):
 PSYoungGen      total 417792K, used 346251K [0x00000000e0000000, 0x00000000ff480000, 0x0000000100000000)
  eden space 335360K, 100% used [0x00000000e0000000,0x00000000f4780000,0x00000000f4780000)
  from space 82432K, 13% used [0x00000000fa400000,0x00000000faea2cd0,0x00000000ff480000)
  to   space 88576K, 0% used [0x00000000f4780000,0x00000000f4780000,0x00000000f9e00000)
 ParOldGen       total 240640K, used 100922K [0x00000000a0000000, 0x00000000aeb00000, 0x00000000e0000000)
  object space 240640K, 41% used [0x00000000a0000000,0x00000000a628eb38,0x00000000aeb00000)
 Metaspace       used 98072K, capacity 102543K, committed 102860K, reserved 1138688K
  class space    used 12247K, capacity 13161K, committed 13300K, reserved 1048576K
Event: 218.379 GC heap after
Heap after GC invocations=50 (full 5):
 PSYoungGen      total 423936K, used 8030K [0x00000000e0000000, 0x00000000fff00000, 0x0000000100000000)
  eden space 335360K, 0% used [0x00000000e0000000,0x00000000e0000000,0x00000000f4780000)
  from space 88576K, 9% used [0x00000000f4780000,0x00000000f4f57830,0x00000000f9e00000)
  to   space 84992K, 0% used [0x00000000fac00000,0x00000000fac00000,0x00000000fff00000)
 ParOldGen       total 240640K, used 100930K [0x00000000a0000000, 0x00000000aeb00000, 0x00000000e0000000)
  object space 240640K, 41% used [0x00000000a0000000,0x00000000a6290b38,0x00000000aeb00000)
 Metaspace       used 98072K, capacity 102543K, committed 102860K, reserved 1138688K
  class space    used 12247K, capacity 13161K, committed 13300K, reserved 1048576K
}
Event: 233.624 GC heap before
{Heap before GC invocations=51 (full 5):
 PSYoungGen      total 423936K, used 343390K [0x00000000e0000000, 0x00000000fff00000, 0x0000000100000000)
  eden space 335360K, 100% used [0x00000000e0000000,0x00000000f4780000,0x00000000f4780000)
  from space 88576K, 9% used [0x00000000f4780000,0x00000000f4f57830,0x00000000f9e00000)
  to   space 84992K, 0% used [0x00000000fac00000,0x00000000fac00000,0x00000000fff00000)
 ParOldGen       total 240640K, used 100930K [0x00000000a0000000, 0x00000000aeb00000, 0x00000000e0000000)
  object space 240640K, 41% used [0x00000000a0000000,0x00000000a6290b38,0x00000000aeb00000)
 Metaspace       used 98244K, capacity 102855K, committed 103116K, reserved 1138688K
  class space    used 12258K, capacity 13181K, committed 13300K, reserved 1048576K
Event: 233.648 GC heap after
Heap after GC invocations=51 (full 5):
 PSYoungGen      total 421888K, used 17569K [0x00000000e0000000, 0x00000000ff180000, 0x0000000100000000)
  eden space 350720K, 0% used [0x00000000e0000000,0x00000000e0000000,0x00000000f5680000)
  from space 71168K, 24% used [0x00000000fac00000,0x00000000fbd28778,0x00000000ff180000)
  to   space 79360K, 0% used [0x00000000f5680000,0x00000000f5680000,0x00000000fa400000)
 ParOldGen       total 240640K, used 101621K [0x00000000a0000000, 0x00000000aeb00000, 0x00000000e0000000)
  object space 240640K, 42% used [0x00000000a0000000,0x00000000a633d7d0,0x00000000aeb00000)
 Metaspace       used 98244K, capacity 102855K, committed 103116K, reserved 1138688K
  class space    used 12258K, capacity 13181K, committed 13300K, reserved 1048576K
}
Event: 260.528 GC heap before
{Heap before GC invocations=52 (full 5):
 PSYoungGen      total 421888K, used 368289K [0x00000000e0000000, 0x00000000ff180000, 0x0000000100000000)
  eden space 350720K, 100% used [0x00000000e0000000,0x00000000f5680000,0x00000000f5680000)
  from space 71168K, 24% used [0x00000000fac00000,0x00000000fbd28778,0x00000000ff180000)
  to   space 79360K, 0% used [0x00000000f5680000,0x00000000f5680000,0x00000000fa400000)
 ParOldGen       total 240640K, used 101621K [0x00000000a0000000, 0x00000000aeb00000, 0x00000000e0000000)
  object space 240640K, 42% used [0x00000000a0000000,0x00000000a633d7d0,0x00000000aeb00000)
 Metaspace       used 98342K, capacity 102909K, committed 103116K, reserved 1138688K
  class space    used 12264K, capacity 13190K, committed 13300K, reserved 1048576K
Event: 260.560 GC heap after
Heap after GC invocations=52 (full 5):
 PSYoungGen      total 430080K, used 20701K [0x00000000e0000000, 0x00000000ffd00000, 0x0000000100000000)
  eden space 350720K, 0% used [0x00000000e0000000,0x00000000e0000000,0x00000000f5680000)
  from space 79360K, 26% used [0x00000000f5680000,0x00000000f6ab7698,0x00000000fa400000)
  to   space 73728K, 0% used [0x00000000fb500000,0x00000000fb500000,0x00000000ffd00000)
 ParOldGen       total 240640K, used 101629K [0x00000000a0000000, 0x00000000aeb00000, 0x00000000e0000000)
  object space 240640K, 42% used [0x00000000a0000000,0x00000000a633f7d0,0x00000000aeb00000)
 Metaspace       used 98342K, capacity 102909K, committed 103116K, reserved 1138688K
  class space    used 12264K, capacity 13190K, committed 13300K, reserved 1048576K
}

